@@@@@@@@@@@@*:~   ~=@@@@@*!!!!!!!*!!!!!*!!,;!!!;;;;;;;!!!!!!!!!!!!!!!*=@@@@@@@@@@@@@@@@@@@@@@@@@@@@@
@@@@@@@@@@@@!- ,~- ,*@@@*!!!!!!!!*!!!!!*!!.;!;;;;;;;;;;;!!!!!*!!!!!!!!=@@@@@@@@@@@@@@@@@@@@@@@@@@@@@
@@@@@@@@@@@@*-  -*~.~=@@=!!!!*!!!*!!!!!*!; :!;;;;;;!;;;;;!!!!*!!!!!!!!=@@@@@@@@@@@@@@@@@@@@@@@@@@@@@
@@@@@@@@@@@@*- -=@;=:!@@=!!!!*!!!*!!!!!*!~ -!;;;;;;;;;;;;;!:!**!!!!!!!*@@@@@@@@@@@@@@@@@@@@@@@@@@@@@
@@@@@@@@@@@@!--=@@@@@@@@*!!!!*!!!*!!!!!*!~ .!!;;;;;;:;;;;;;~!**;!!!!!!*$@@@@@@@@@@@@@@@@@@@@@@@@@@@@
@@@@@@@@@@@@!:!@@@@@@@@$*!!!!*!!!*!!!!!**,, ;;;;;;;;;;;;;;;~!**!!!!!*!**@@@@@@@@@@@@@@@@@@@@@@@@@@@@
@@@@@@@@@@@@@=@@@@@@@@@*!!!!!*!!!!!!!!!**,  ::;;;;;;!;;;;;;!!***!!!!*!**$@@@@@@@@@@@@@@@@@@@@@@@@@@@
@@@@@@@@@@@@@@@@@@@@@@@!!!*!!*!!!!!!!!!**.   :!;;;;;!,*;;;!*~***!!!!!****@@@@@@@@@@@@@@@@@@@@@@@@@@@
@@@@@@@@@@@@@@@@@@@@@@!*!!*!!!!!!!*!!!!**.    .;!!!!;.~;;!**,;**!!!!!****=@@@@@@@@@@@@@@@@@@@@@@@@@@
@@@@@@@@@@@@@@@@@@@@@;!*!!!!!!!!!!*!!!!*!.  .,,---,     ...  ,;;*!!!!*****#@@@@@@@@@@@@@@@@@@@@@@@@@
@@@@@@@@@@@@@@@@@@@@@!*!!!!!!!!!!!*!!!!~ .;=====*              .;!!!!!**=*=@@@@@@@@@@@@@@@@@@@@@@@@@
@@@@@@@@@@@@@@@@@@@@***!!*!!!!*!!!*!!!!~,==*==:**.             ,:!!!!!**==*=@@@@@@@@@@@@@@@@@@@@@@@@
@@@@@@@@@@@@@@@@@@;!!*!*!*!!*!*!!!*!!!!:*;,***:..        ,.    ;:!!!!!**==*==@@@@@@@@@@@@@@@@@@@@@@@
@@@@@@@@@@@@@@@@@*!!=!!*!*!!!!*!!!*!!!!*-*!**!:          .!**;.;:;!!!!!**@=*=@@@@@@@@@@@@@@@@@@@@@@@
@@@@@@@@@@@@@@**!*@@*!**!*!!!!*!!!!!!!!;,=::~~-         .*;~~,,:;:!!!!!**@@=*=@@@@@@@@@@@@@@@@@@@@@@
@@@@@@@@@@@@@!*;@@@@*!=*!*!!!!*!!!!*!!!;.:,  -          ,     ~:;:!!!*!**@@=*=@@@@@@@@@@@@@@@@@@@@@@
@@@@@@@@@@@@@@@@@@@$!***!*!!!***!!!*!!!!  -..~                ;::;;!!*!**@@@=*@@@@@@@@@@@@@@@@@@@@@@
@@@@@@@@@@@@@@@@@@@!!*@*!*!!==!*!!!*!!!!.             .       ;::;:*!!****@@$*=@@@@@@@@@@@@@@@@@@@@@
@@@@@@@@@@@@@@@@@@@!!*=*!!*!****!!!*!!!!,                    .;:::;!!!***!@@@*=@@@@@@@@@@@@@@@@@@@@@
@@@@@@@@@@@@@@@@@@@@**=*!!*!*****!!*!!!!~                    -:::::!!!**=*$@@=*@@@@@@@@@@@@@@@@@@@@@
@@@@@@@@@@@@@@@@@@@@$=***!**!=*=*!!!*!!!;         .,--       ::;:::;!!**$!*@@=*@@@@@@@@@@@@@@@@@@@@@
@@@@@@@@@@@@@@@@@@@@********!***=!!!*!!!!        ,.  .:     ~;:;:::;*!*==**@@=*$@@@@@@@@@@@@@@@@@@@@
@@@@@@@@@@@@@@@@@@@@=*********===*!!*!!!!,       ,    ,    ,;:::!:::*!!=@@*@@$*$@@@@@@@@@@@@@@@@@@@@
@@@@@@@@@@@@@@@@@@@@=*=*****=**=*=*!**!!!*.      ,   -    -=!:::;;::!!!=@@!*@$*@@@@@@@@@@@@@@@@@@@@@
@@@@@@@@@@@@@@@@@@@$==*********=****!*!!!!.~     ,. ,    !**=;:::!;:;!!*@@!*@**@@@@@@@@@@@@@@@@@@@@@
@@@@@@@@@@@@@@@@@@=***************=****!!!..,~.        ~******:::!*:;!!*@** @=*@@@@@@@@@@@@@@@@@@@@@
@@@@@@@@@@@@@@@@@@=******=*********=***!!!~  .,--.   -!***=**=;::;$!;!!*;!!@==@@@@@@@@@@@@@@@@@@@@@@
@@@@@@@@@@@@@@@@@$=*****=*****=*****=;.;!!!.   ..-*;***********:!:==;!!*:!;==@@@@@@@@@@@@@@@@@@@@@@@
@@@@@@@@@@@@@@@@@;=****=********=****. ~!!!:    .!**********=****;!@!!!*:*@@@@@@@@@@@@@@@@@@@@@@@@@@
@@@@@@@@@@@@@@@@@@=***=**********=***  ~*!!!~   ~:**************=;!@=!!*!;@@@@@@@@@@@@@@@@@@@@@@@@@@
@@@@@@@@@@@@@@@@@@=***=***********=**  :*!!!!,  ..********==****=!!@=!**!@@@@@@@@@@@@@@@@@@@@@@@@@@@
@@@@@@@@@@@@@@@@@@$=*=*********!~!===  :*=!!!!,  ,:*******=*****=!*@=!**@@@@@@@@@@@@@@@@@@@@@@@@@@@@
@@@@@@@@@@@@@@@@@@@=*=********~   -==. :***!!!!~ ,.******=******===@=**=@@@@@@@@@@@@@@@@@@@@@@@@@@@@
@@@@@@@@@@@@@@@@@@@@=*********     .*. ~****!;!!;,.:*****=******==@@*==*@@@@@@@@@@@@@@@@@@@@@@@@@@@@
@@@@@@@@@@@@@@@@@@@@=*********-.    !. ~******-~;;:~****=******=$@@$=**@@@@@@@@@@@@@@@@@@@@@@@@@@@@@
@@@@@@@@@@@@@@@@@@@@=************-  ~, .=*****!    ~***=*******=@@@@@@@@@@@@@@@@@@@@@@@@@@@@@@@@@@@@
@@@@@@@@@@@@@@@@@@@@=************; . ...~=*****.   !**********=@@@@@@@@@@@@@@@@@@@@@@@@@@@@@@@@@@@@@
@@@@@@@@@@@@@@@@@@@@*************,.  -,.-=*****!  -****;,;**===@@@@@@@@@@@@;*@@@@@@@@@@@@@@@@@@@@@@@
@@@@@@@@@@@@@@@@@@@=************,     ~.-*=****= .****~  ;==**=@@@@@@@@@@@@*;*@@@@@@@@@@@@@@@@@@@@@@
@@@@@@@@@@@@@@@@@@@$*****=*****!     ..~~*==***=-!****  .=*****$@@@@@@@@@@@$.;***@@@@@@@@@@@@@@@@@@@
@@@@@@@@@@@@@@@@@@@=***********!  ,.  -~!*====*==****!  :******=@@@@@@@@@@!=-:-.*@@@@@@@@@@@@@@@@@@@
@@@@@@@@@@@@@@@@@@@=******=***=*!      ~**======*****;  *******=@@@@@@@@=*~-  -:@@@@@@@@@@@@@@@@@@@@
@@@@@@@@@@@@@@@@@@@=******=***=*!     -:***==*==***=*;  ********=@@@@@@@@=!~  ,*@@@@@@@@@@@@@@@@@@@@
@@@@@@@@@@@@@@@@@@$********=****;   ,  !**=====***=**- .=;;=****=@@@@@@@@@@=~~,.!@@@@@@@@@@@@@@@@@@@
@@@@@@@@@@@@@@@@@@$*********=****;.   .***=*=======** ,,,  .;***=@@@@@@@@@@$.;!:!=@@@@@@@@@@@@@@@@@@
@@@@@@@@@@@@@@@@@@=*********=*****:  .!***=*==***=**-  .     ;**=$@@@@@@@@@=;=@@*$@@@@@@@@@@@@@@@@@@
 ____        ____     ____        ______      __  __      ____            ____       _____       _____       ______
/\  _`\     /\  _`\  /\  _`\     /\__  _\    /\ \/\ \    /\  _`\         /\  _`\    /\  __`\    /\  __`\    /\__  _\
\ \,\L\_\   \ \ \L\ \\ \ \L\ \   \/_/\ \/    \ \ `\\ \   \ \ \L\_\       \ \ \L\ \  \ \ \/\ \   \ \ \/\ \   \/_/\ \/
 \/_\__ \    \ \ ,__/ \ \ ,  /      \ \ \     \ \ , ` \   \ \ \L_L        \ \  _ <'  \ \ \ \ \   \ \ \ \ \     \ \ \
   /\ \L\ \   \ \ \/   \ \ \\ \      \_\ \__   \ \ \`\ \   \ \ \/, \       \ \ \L\ \  \ \ \_\ \   \ \ \_\ \     \ \ \
   \ `\____\   \ \_\    \ \_\ \_\    /\_____\   \ \_\ \_\   \ \____/        \ \____/   \ \_____\   \ \_____\     \ \_\
    \/_____/    \/_/     \/_/\/ /    \/_____/    \/_/\/_/    \/___/          \/___/     \/_____/    \/_____/      \/_/



2020-09-12 15:31:58.095  INFO 8451 --- [           main] com.example.app.AppApplication           : Starting AppApplication v0.0.1-SNAPSHOT on ip-172-26-9-119 with PID 8451 (/home/ec2-user/ExxyApp/Student-Management-App/target/app-0.0.1-SNAPSHOT.war started by root in /home/ec2-user/ExxyApp/Student-Management-App/shell)
2020-09-12 15:31:58.100  INFO 8451 --- [           main] com.example.app.AppApplication           : No active profile set, falling back to default profiles: default
2020-09-12 15:32:00.399  INFO 8451 --- [           main] .s.d.r.c.RepositoryConfigurationDelegate : Bootstrapping Spring Data JPA repositories in DEFERRED mode.
2020-09-12 15:32:00.694  INFO 8451 --- [           main] .s.d.r.c.RepositoryConfigurationDelegate : Finished Spring Data repository scanning in 262ms. Found 10 JPA repository interfaces.
2020-09-12 15:32:02.704  INFO 8451 --- [           main] o.s.b.w.embedded.tomcat.TomcatWebServer  : Tomcat initialized with port(s): 80 (http)
2020-09-12 15:32:02.747  INFO 8451 --- [           main] o.apache.catalina.core.StandardService   : Starting service [Tomcat]
2020-09-12 15:32:02.747  INFO 8451 --- [           main] org.apache.catalina.core.StandardEngine  : Starting Servlet engine: [Apache Tomcat/9.0.37]
2020-09-12 15:32:07.009  INFO 8451 --- [           main] org.apache.jasper.servlet.TldScanner     : At least one JAR was scanned for TLDs yet contained no TLDs. Enable debug logging for this logger for a complete list of JARs that were scanned but no TLDs were found in them. Skipping unneeded JARs during scanning can improve startup time and JSP compilation time.
2020-09-12 15:32:07.541  INFO 8451 --- [           main] o.a.c.c.C.[Tomcat].[localhost].[/]       : Initializing Spring embedded WebApplicationContext
2020-09-12 15:32:07.541  INFO 8451 --- [           main] w.s.c.ServletWebServerApplicationContext : Root WebApplicationContext: initialization completed in 9262 ms
2020-09-12 15:32:08.932  INFO 8451 --- [           main] o.s.s.concurrent.ThreadPoolTaskExecutor  : Initializing ExecutorService 'applicationTaskExecutor'
2020-09-12 15:32:09.402  INFO 8451 --- [         task-1] o.hibernate.jpa.internal.util.LogHelper  : HHH000204: Processing PersistenceUnitInfo [
	name: default
	...]
2020-09-12 15:32:10.045  INFO 8451 --- [           main] org.apache.tiles.access.TilesAccess      : Publishing TilesContext for context: org.springframework.web.servlet.view.tiles3.SpringWildcardServletTilesApplicationContext
2020-09-12 15:32:10.297  WARN 8451 --- [           main] JpaBaseConfiguration$JpaWebConfiguration : spring.jpa.open-in-view is enabled by default. Therefore, database queries may be performed during view rendering. Explicitly configure spring.jpa.open-in-view to disable this warning
2020-09-12 15:32:10.352  INFO 8451 --- [         task-1] org.hibernate.Version                    : HHH000412: Hibernate ORM core version 5.4.18.Final
2020-09-12 15:32:12.461  INFO 8451 --- [           main] o.s.b.w.embedded.tomcat.TomcatWebServer  : Tomcat started on port(s): 80 (http) with context path ''
2020-09-12 15:32:12.484  INFO 8451 --- [           main] DeferredRepositoryInitializationListener : Triggering deferred initialization of Spring Data repositories…
2020-09-12 15:32:12.651  INFO 8451 --- [         task-1] o.hibernate.annotations.common.Version   : HCANN000001: Hibernate Commons Annotations {5.0.1.Final}
2020-09-12 15:32:13.277  WARN 8451 --- [           main] ConfigServletWebServerApplicationContext : Exception encountered during context initialization - cancelling refresh attempt: org.springframework.beans.factory.BeanCreationException: Error creating bean with name 'taskItemInfoRepository' defined in com.example.app.repository.TaskItemInfoRepository defined in @EnableJpaRepositories declared on JpaRepositoriesRegistrar.EnableJpaRepositoriesConfiguration: Cannot resolve reference to bean 'jpaMappingContext' while setting bean property 'mappingContext'; nested exception is org.springframework.beans.factory.BeanCreationException: Error creating bean with name 'jpaMappingContext': Invocation of init method failed; nested exception is java.lang.IllegalStateException: Failed to asynchronously initialize native EntityManagerFactory: java.lang.NoSuchMethodError: org.hibernate.boot.model.process.spi.MetadataBuildingProcess.prepare(Lorg/hibernate/boot/MetadataSources;Lorg/hibernate/boot/spi/MetadataBuildingOptions;)Lorg/hibernate/boot/model/process/spi/ManagedResources;
2020-09-12 15:32:13.278  INFO 8451 --- [           main] org.apache.tiles.access.TilesAccess      : Removing TilesContext for context: org.springframework.web.servlet.view.tiles3.SpringWildcardServletTilesApplicationContext
2020-09-12 15:32:13.278  INFO 8451 --- [           main] j.LocalContainerEntityManagerFactoryBean : Closing JPA EntityManagerFactory for persistence unit 'default'
2020-09-12 15:32:13.280  WARN 8451 --- [           main] o.s.b.f.support.DisposableBeanAdapter    : Invocation of destroy method failed on bean with name 'entityManagerFactory': java.lang.IllegalStateException: Failed to asynchronously initialize native EntityManagerFactory: java.lang.NoSuchMethodError: org.hibernate.boot.model.process.spi.MetadataBuildingProcess.prepare(Lorg/hibernate/boot/MetadataSources;Lorg/hibernate/boot/spi/MetadataBuildingOptions;)Lorg/hibernate/boot/model/process/spi/ManagedResources;
2020-09-12 15:32:13.280  INFO 8451 --- [           main] o.s.s.concurrent.ThreadPoolTaskExecutor  : Shutting down ExecutorService 'applicationTaskExecutor'
2020-09-12 15:32:13.303  INFO 8451 --- [           main] o.apache.catalina.core.StandardService   : Stopping service [Tomcat]
2020-09-12 15:32:13.331  INFO 8451 --- [           main] ConditionEvaluationReportLoggingListener : 

Error starting ApplicationContext. To display the conditions report re-run your application with 'debug' enabled.
2020-09-12 15:32:13.336 ERROR 8451 --- [           main] o.s.b.d.LoggingFailureAnalysisReporter   : 

***************************
APPLICATION FAILED TO START
***************************

Description:

An attempt was made to call a method that does not exist. The attempt was made from the following location:

    org.hibernate.jpa.boot.internal.EntityManagerFactoryBuilderImpl.<init>(EntityManagerFactoryBuilderImpl.java:200)

The following method did not exist:

    org.hibernate.boot.model.process.spi.MetadataBuildingProcess.prepare(Lorg/hibernate/boot/MetadataSources;Lorg/hibernate/boot/spi/MetadataBuildingOptions;)Lorg/hibernate/boot/model/process/spi/ManagedResources;

The method's class, org.hibernate.boot.model.process.spi.MetadataBuildingProcess, is available from the following locations:

    jar:file:/home/ec2-user/ExxyApp/Student-Management-App/target/app-0.0.1-SNAPSHOT.war!/WEB-INF/lib/hibernate-core-5.4.18.Final.jar!/org/hibernate/boot/model/process/spi/MetadataBuildingProcess.class

The class hierarchy was loaded from the following locations:

    org.hibernate.boot.model.process.spi.MetadataBuildingProcess: jar:file:/home/ec2-user/ExxyApp/Student-Management-App/target/app-0.0.1-SNAPSHOT.war!/WEB-INF/lib/hibernate-core-5.4.18.Final.jar!/


Action:

Correct the classpath of your application so that it contains a single, compatible version of org.hibernate.boot.model.process.spi.MetadataBuildingProcess

